<?xml version="1.0" encoding="UTF-8"?>
<!-- Generated by org.testng.reporters.JUnitReportReporter -->
<testsuite skipped="0" hostname="DESKTOP-3V0FALU" name="CRMActivities.TestCase8" tests="1" failures="0" timestamp="2020-08-29T02:34:11 IST" time="30.357" errors="0">
  <testcase name="testCase8" time="30.357" classname="CRMActivities.TestCase8"/>
</testsuite> <!-- CRMActivities.TestCase8 -->
