<?xml version="1.0" encoding="UTF-8"?>
<!-- Generated by org.testng.reporters.JUnitReportReporter -->
<testsuite skipped="0" hostname="DESKTOP-3V0FALU" name="CRMActivities.TestCase6" tests="1" failures="0" timestamp="2020-08-29T02:34:11 IST" time="23.992" errors="0">
  <testcase name="testCase6" time="23.992" classname="CRMActivities.TestCase6"/>
</testsuite> <!-- CRMActivities.TestCase6 -->
