<?xml version="1.0" encoding="UTF-8"?>
<!-- Generated by org.testng.reporters.JUnitReportReporter -->
<testsuite skipped="0" hostname="DESKTOP-3V0FALU" name="CRMActivities.TestCase7" tests="1" failures="0" timestamp="2020-08-29T02:34:11 IST" time="35.339" errors="0">
  <testcase name="testCase7" time="35.339" classname="CRMActivities.TestCase7"/>
</testsuite> <!-- CRMActivities.TestCase7 -->
